Determining if the pthread_create exist failed with the following output:
Change Dir: /home/tymiao/mty/autolabor_pro1_pip_teleop/build/CMakeFiles/CMakeTmp

Run Build Command:"/usr/bin/make" "cmTC_c507d/fast"
/usr/bin/make -f CMakeFiles/cmTC_c507d.dir/build.make CMakeFiles/cmTC_c507d.dir/build
make[1]: Entering directory '/home/tymiao/mty/autolabor_pro1_pip_teleop/build/CMakeFiles/CMakeTmp'
Building C object CMakeFiles/cmTC_c507d.dir/CheckSymbolExists.c.o
/usr/bin/cc    -o CMakeFiles/cmTC_c507d.dir/CheckSymbolExists.c.o   -c /home/tymiao/mty/autolabor_pro1_pip_teleop/build/CMakeFiles/CMakeTmp/CheckSymbolExists.c
Linking C executable cmTC_c507d
/usr/bin/cmake -E cmake_link_script CMakeFiles/cmTC_c507d.dir/link.txt --verbose=1
/usr/bin/cc      -rdynamic CMakeFiles/cmTC_c507d.dir/CheckSymbolExists.c.o  -o cmTC_c507d 
CMakeFiles/cmTC_c507d.dir/CheckSymbolExists.c.o: In function `main':
CheckSymbolExists.c:(.text+0x1b): undefined reference to `pthread_create'
collect2: error: ld returned 1 exit status
CMakeFiles/cmTC_c507d.dir/build.make:97: recipe for target 'cmTC_c507d' failed
make[1]: *** [cmTC_c507d] Error 1
make[1]: Leaving directory '/home/tymiao/mty/autolabor_pro1_pip_teleop/build/CMakeFiles/CMakeTmp'
Makefile:126: recipe for target 'cmTC_c507d/fast' failed
make: *** [cmTC_c507d/fast] Error 2

File /home/tymiao/mty/autolabor_pro1_pip_teleop/build/CMakeFiles/CMakeTmp/CheckSymbolExists.c:
/* */
#include <pthread.h>

int main(int argc, char** argv)
{
  (void)argv;
#ifndef pthread_create
  return ((int*)(&pthread_create))[argc];
#else
  (void)argc;
  return 0;
#endif
}

Determining if the function pthread_create exists in the pthreads failed with the following output:
Change Dir: /home/tymiao/mty/autolabor_pro1_pip_teleop/build/CMakeFiles/CMakeTmp

Run Build Command:"/usr/bin/make" "cmTC_13e3b/fast"
/usr/bin/make -f CMakeFiles/cmTC_13e3b.dir/build.make CMakeFiles/cmTC_13e3b.dir/build
make[1]: Entering directory '/home/tymiao/mty/autolabor_pro1_pip_teleop/build/CMakeFiles/CMakeTmp'
Building C object CMakeFiles/cmTC_13e3b.dir/CheckFunctionExists.c.o
/usr/bin/cc   -DCHECK_FUNCTION_EXISTS=pthread_create   -o CMakeFiles/cmTC_13e3b.dir/CheckFunctionExists.c.o   -c /usr/share/cmake-3.10/Modules/CheckFunctionExists.c
Linking C executable cmTC_13e3b
/usr/bin/cmake -E cmake_link_script CMakeFiles/cmTC_13e3b.dir/link.txt --verbose=1
/usr/bin/cc  -DCHECK_FUNCTION_EXISTS=pthread_create    -rdynamic CMakeFiles/cmTC_13e3b.dir/CheckFunctionExists.c.o  -o cmTC_13e3b -lpthreads 
/usr/bin/ld: cannot find -lpthreads
collect2: error: ld returned 1 exit status
CMakeFiles/cmTC_13e3b.dir/build.make:97: recipe for target 'cmTC_13e3b' failed
make[1]: *** [cmTC_13e3b] Error 1
make[1]: Leaving directory '/home/tymiao/mty/autolabor_pro1_pip_teleop/build/CMakeFiles/CMakeTmp'
Makefile:126: recipe for target 'cmTC_13e3b/fast' failed
make: *** [cmTC_13e3b/fast] Error 2


